<?xml version="1.0" encoding="utf-8"?><testsuites name="pytest tests"><testsuite name="pytest" errors="0" failures="0" skipped="0" tests="14" time="3.078" timestamp="2026-07-29T03:00:11.154098+00:00" hostname="agent-env-a19139b0-931d-43af-95e7-72020baa0c37"><testcase classname="tests.test_elastech.TestContact" name="test_root" time="0.182" /><testcase classname="tests.test_elastech.TestAdmin" name="test_submissions_requires_auth" time="0.235" /><testcase classname="tests.test_elastech.TestAdmin" name="test_stats_requires_auth" time="0.226" /><testcase classname="tests.test_elastech.TestContact" name="test_create_contact_success" time="0.709" /><testcase classname="tests.test_elastech.TestAdmin" name="test_stats_ok" time="0.465" /><testcase classname="tests.test_elastech.TestContact" name="test_create_contact_invalid_email" time="0.048" /><testcase classname="tests.test_elastech.TestAdmin" name="test_full_lifecycle" time="1.062" /><testcase classname="tests.test_elastech.TestContact" name="test_create_contact_empty_name" time="0.046" /><testcase classname="tests.test_elastech.TestContact" name="test_create_contact_empty_message" time="0.047" /><testcase classname="tests.test_elastech.TestAdmin" name="test_bcrypt_hash_format" time="0.097" /><testcase classname="tests.test_elastech.TestAuth" name="test_login_wrong_password" time="0.271" /><testcase classname="tests.test_elastech.TestAuth" name="test_login_unknown_user" time="0.063" /><testcase classname="tests.test_elastech.TestAuth" name="test_me_requires_auth" time="0.057" /><testcase classname="tests.test_elastech.TestAuth" name="test_me_with_token" time="0.094" /></testsuite></testsuites>