<?xml version="1.0" encoding="utf-8"?><testsuites name="pytest tests"><testsuite name="pytest" errors="0" failures="0" skipped="0" tests="14" time="3.152" timestamp="2026-07-28T13:30:53.406716+00:00" hostname="agent-env-a19139b0-931d-43af-95e7-72020baa0c37"><testcase classname="tests.test_elastech.TestContact" name="test_root" time="0.289" /><testcase classname="tests.test_elastech.TestAdmin" name="test_submissions_requires_auth" time="0.255" /><testcase classname="tests.test_elastech.TestAdmin" name="test_stats_requires_auth" time="0.062" /><testcase classname="tests.test_elastech.TestAdmin" name="test_stats_ok" time="0.521" /><testcase classname="tests.test_elastech.TestContact" name="test_create_contact_success" time="0.743" /><testcase classname="tests.test_elastech.TestAdmin" name="test_full_lifecycle" time="0.992" /><testcase classname="tests.test_elastech.TestContact" name="test_create_contact_invalid_email" time="0.093" /><testcase classname="tests.test_elastech.TestContact" name="test_create_contact_empty_name" time="0.045" /><testcase classname="tests.test_elastech.TestContact" name="test_create_contact_empty_message" time="0.127" /><testcase classname="tests.test_elastech.TestAdmin" name="test_bcrypt_hash_format" time="0.121" /><testcase classname="tests.test_elastech.TestAuth" name="test_login_wrong_password" time="0.283" /><testcase classname="tests.test_elastech.TestAuth" name="test_login_unknown_user" time="0.058" /><testcase classname="tests.test_elastech.TestAuth" name="test_me_requires_auth" time="0.094" /><testcase classname="tests.test_elastech.TestAuth" name="test_me_with_token" time="0.217" /></testsuite></testsuites>